<?xml version="1.0" encoding="UTF-8"?>
<!-- Generated by org.testng.reporters.JUnitXMLReporter -->
<testsuite hostname="sureerat-ThinkPad-T470" ignored="0" name="Test1" tests="27" failures="1" timestamp="25 May 2019 15:48:13 GMT" time="485.082" errors="0">
  <testcase name="TC_19_1" time="2.322" classname="G3SnowboardShopTest.STC_G03_Automation_Testing"/>
  <testcase name="TC_19_2" time="3.629" classname="G3SnowboardShopTest.STC_G03_Automation_Testing"/>
  <testcase name="TC_19_2" time="3.531" classname="G3SnowboardShopTest.STC_G03_Automation_Testing"/>
  <testcase name="TC_19_2" time="3.765" classname="G3SnowboardShopTest.STC_G03_Automation_Testing"/>
  <testcase name="TC_2_1" time="8.793" classname="G3SnowboardShopTest.STC_G03_Automation_Testing"/>
  <testcase name="TC_2_2" time="7.712" classname="G3SnowboardShopTest.STC_G03_Automation_Testing"/>
  <testcase name="TC_2_2" time="7.748" classname="G3SnowboardShopTest.STC_G03_Automation_Testing"/>
  <testcase name="TC_2_2" time="7.759" classname="G3SnowboardShopTest.STC_G03_Automation_Testing"/>
  <testcase name="TC_2_2" time="7.838" classname="G3SnowboardShopTest.STC_G03_Automation_Testing"/>
  <testcase name="TC_2_3_2_4" time="7.875" classname="G3SnowboardShopTest.STC_G03_Automation_Testing"/>
  <testcase name="TC_2_3_2_4" time="8.059" classname="G3SnowboardShopTest.STC_G03_Automation_Testing"/>
  <testcase name="TC_2_3_2_4" time="8.116" classname="G3SnowboardShopTest.STC_G03_Automation_Testing"/>
  <testcase name="TC_2_3_2_4" time="8.552" classname="G3SnowboardShopTest.STC_G03_Automation_Testing"/>
  <testcase name="TC_2_5" time="10.111" classname="G3SnowboardShopTest.STC_G03_Automation_Testing"/>
  <testcase name="TC_3_1" time="1.975" classname="G3SnowboardShopTest.STC_G03_Automation_Testing"/>
  <testcase name="TC_3_2" time="5.356" classname="G3SnowboardShopTest.STC_G03_Automation_Testing"/>
  <testcase name="TC_3_2_email" time="5.436" classname="G3SnowboardShopTest.STC_G03_Automation_Testing"/>
  <testcase name="TC_3_2_email" time="5.45" classname="G3SnowboardShopTest.STC_G03_Automation_Testing"/>
  <testcase name="TC_3_3_3_4" time="3.554" classname="G3SnowboardShopTest.STC_G03_Automation_Testing"/>
  <testcase name="TC_3_3_3_4" time="4.239" classname="G3SnowboardShopTest.STC_G03_Automation_Testing"/>
  <testcase name="TC_3_3_3_4" time="4.357" classname="G3SnowboardShopTest.STC_G03_Automation_Testing"/>
  <testcase name="TC_3_3_3_4" time="3.208" classname="G3SnowboardShopTest.STC_G03_Automation_Testing"/>
  <testcase name="TC_3_5" time="6.398" classname="G3SnowboardShopTest.STC_G03_Automation_Testing"/>
  <testcase name="TC_4_1" time="4.75" classname="G3SnowboardShopTest.STC_G03_Automation_Testing"/>
  <testcase name="TC_4_2" time="3.897" classname="G3SnowboardShopTest.STC_G03_Automation_Testing">
    <failure type="java.lang.AssertionError" message="expected:&amp;lt;https://www.zalando.se/kvinna/?q=C&amp;gt; but was:&amp;lt;https://www.zalando.se/kvinna-home/&amp;gt;">
      <![CDATA[java.lang.AssertionError: expected:<https://www.zalando.se/kvinna/?q=C> but was:<https://www.zalando.se/kvinna-home/>
at G3SnowboardShopTest.STC_G03_Automation_Testing.TC_4_2(STC_G03_Automation_Testing.java:382)
... Removed 27 stack frames]]>
    </failure>
  </testcase> <!-- TC_4_2 -->
  <testcase name="TC_5_1" time="42.761" classname="G3SnowboardShopTest.STC_G03_Automation_Testing"/>
  <testcase name="TC_7_1" time="276.913" classname="G3SnowboardShopTest.STC_G03_Automation_Testing"/>
</testsuite> <!-- Test1 -->
