<?xml version="1.0" encoding="UTF-8"?>
<!-- Generated by org.testng.reporters.JUnitXMLReporter -->
<testsuite hostname="sureerat-ThinkPad-T470" ignored="0" name="Test1" tests="27" failures="1" timestamp="25 May 2019 16:21:40 GMT" time="541.77" errors="0">
  <testcase name="TC_19_1" time="2.891" classname="G3SnowboardShopTest.STC_G03_Automation_Testing"/>
  <testcase name="TC_19_2" time="4.391" classname="G3SnowboardShopTest.STC_G03_Automation_Testing"/>
  <testcase name="TC_19_2" time="4.529" classname="G3SnowboardShopTest.STC_G03_Automation_Testing"/>
  <testcase name="TC_19_2" time="4.857" classname="G3SnowboardShopTest.STC_G03_Automation_Testing"/>
  <testcase name="TC_2_1" time="11.321" classname="G3SnowboardShopTest.STC_G03_Automation_Testing"/>
  <testcase name="TC_2_2" time="8.383" classname="G3SnowboardShopTest.STC_G03_Automation_Testing"/>
  <testcase name="TC_2_2" time="8.608" classname="G3SnowboardShopTest.STC_G03_Automation_Testing"/>
  <testcase name="TC_2_2" time="8.674" classname="G3SnowboardShopTest.STC_G03_Automation_Testing"/>
  <testcase name="TC_2_2" time="8.312" classname="G3SnowboardShopTest.STC_G03_Automation_Testing"/>
  <testcase name="TC_2_3_2_4" time="8.012" classname="G3SnowboardShopTest.STC_G03_Automation_Testing"/>
  <testcase name="TC_2_3_2_4" time="8.832" classname="G3SnowboardShopTest.STC_G03_Automation_Testing"/>
  <testcase name="TC_2_3_2_4" time="10.352" classname="G3SnowboardShopTest.STC_G03_Automation_Testing"/>
  <testcase name="TC_2_3_2_4" time="8.316" classname="G3SnowboardShopTest.STC_G03_Automation_Testing"/>
  <testcase name="TC_2_5" time="10.713" classname="G3SnowboardShopTest.STC_G03_Automation_Testing"/>
  <testcase name="TC_3_1" time="1.98" classname="G3SnowboardShopTest.STC_G03_Automation_Testing"/>
  <testcase name="TC_3_2" time="5.456" classname="G3SnowboardShopTest.STC_G03_Automation_Testing"/>
  <testcase name="TC_3_2_email" time="5.591" classname="G3SnowboardShopTest.STC_G03_Automation_Testing"/>
  <testcase name="TC_3_2_email" time="5.559" classname="G3SnowboardShopTest.STC_G03_Automation_Testing"/>
  <testcase name="TC_3_3_3_4" time="3.455" classname="G3SnowboardShopTest.STC_G03_Automation_Testing"/>
  <testcase name="TC_3_3_3_4" time="4.499" classname="G3SnowboardShopTest.STC_G03_Automation_Testing"/>
  <testcase name="TC_3_3_3_4" time="4.51" classname="G3SnowboardShopTest.STC_G03_Automation_Testing"/>
  <testcase name="TC_3_3_3_4" time="3.451" classname="G3SnowboardShopTest.STC_G03_Automation_Testing"/>
  <testcase name="TC_3_5" time="6.387" classname="G3SnowboardShopTest.STC_G03_Automation_Testing"/>
  <testcase name="TC_4_1" time="5.244" classname="G3SnowboardShopTest.STC_G03_Automation_Testing"/>
  <testcase name="TC_4_2" time="4.423" classname="G3SnowboardShopTest.STC_G03_Automation_Testing">
    <failure type="java.lang.AssertionError" message="expected:&amp;lt;https://www.zalando.se/kvinna/?q=C&amp;gt; but was:&amp;lt;https://www.zalando.se/kvinna-home/&amp;gt;">
      <![CDATA[java.lang.AssertionError: expected:<https://www.zalando.se/kvinna/?q=C> but was:<https://www.zalando.se/kvinna-home/>
at G3SnowboardShopTest.STC_G03_Automation_Testing.TC_4_2(STC_G03_Automation_Testing.java:382)
... Removed 31 stack frames]]>
    </failure>
  </testcase> <!-- TC_4_2 -->
  <testcase name="TC_5_1" time="81.664" classname="G3SnowboardShopTest.STC_G03_Automation_Testing"/>
  <testcase name="TC_7_1" time="280.757" classname="G3SnowboardShopTest.STC_G03_Automation_Testing"/>
</testsuite> <!-- Test1 -->
